[2026-03-08T10:07:48.256+0000] {local_task_job_runner.py:120} INFO - ::group::Pre task execution logs
[2026-03-08T10:07:48.297+0000] {taskinstance.py:2073} INFO - Dependencies all met for dep_context=non-requeueable deps ti=<TaskInstance: spotify_data_pipeline.transform_playlist_data manual__2026-03-08T10:07:39.129673+00:00 [queued]>
[2026-03-08T10:07:48.312+0000] {taskinstance.py:2073} INFO - Dependencies all met for dep_context=requeueable deps ti=<TaskInstance: spotify_data_pipeline.transform_playlist_data manual__2026-03-08T10:07:39.129673+00:00 [queued]>
[2026-03-08T10:07:48.314+0000] {taskinstance.py:2303} INFO - Starting attempt 1 of 1
[2026-03-08T10:07:48.333+0000] {taskinstance.py:2327} INFO - Executing <Task(PythonOperator): transform_playlist_data> on 2026-03-08 10:07:39.129673+00:00
[2026-03-08T10:07:48.342+0000] {warnings.py:110} WARNING - /home/***/.local/lib/python3.12/site-packages/***/task/task_runner/standard_task_runner.py:61: DeprecationWarning: This process (pid=852) is multi-threaded, use of fork() may lead to deadlocks in the child.
  pid = os.fork()

[2026-03-08T10:07:48.345+0000] {standard_task_runner.py:63} INFO - Started process 892 to run task
[2026-03-08T10:07:48.346+0000] {standard_task_runner.py:90} INFO - Running: ['***', 'tasks', 'run', 'spotify_data_pipeline', 'transform_playlist_data', 'manual__2026-03-08T10:07:39.129673+00:00', '--job-id', '9', '--raw', '--subdir', 'DAGS_FOLDER/spotify_pipeline.py', '--cfg-path', '/tmp/tmpipod7qa8']
[2026-03-08T10:07:48.348+0000] {standard_task_runner.py:91} INFO - Job 9: Subtask transform_playlist_data
[2026-03-08T10:07:48.439+0000] {task_command.py:426} INFO - Running <TaskInstance: spotify_data_pipeline.transform_playlist_data manual__2026-03-08T10:07:39.129673+00:00 [running]> on host dee41b2d6021
[2026-03-08T10:07:48.544+0000] {taskinstance.py:2644} INFO - Exporting env vars: AIRFLOW_CTX_DAG_OWNER='arman' AIRFLOW_CTX_DAG_ID='spotify_data_pipeline' AIRFLOW_CTX_TASK_ID='transform_playlist_data' AIRFLOW_CTX_EXECUTION_DATE='2026-03-08T10:07:39.129673+00:00' AIRFLOW_CTX_TRY_NUMBER='1' AIRFLOW_CTX_DAG_RUN_ID='manual__2026-03-08T10:07:39.129673+00:00'
[2026-03-08T10:07:48.547+0000] {taskinstance.py:430} INFO - ::endgroup::
[2026-03-08T10:07:48.613+0000] {logging_mixin.py:188} INFO - Transformed data saved. DataFrame Head:
[2026-03-08T10:07:48.627+0000] {logging_mixin.py:188} INFO -         track_name   artist_name  ... release_year  popularity_category
0         Kesariya  Arijit Singh  ...         2022                 High
1        Tum Hi Ho  Arijit Singh  ...         2013                 High
2  Blinding Lights    The Weeknd  ...         2020                 High
3     Shape of You    Ed Sheeran  ...         2017                 High
4       Levitating      Dua Lipa  ...         2020                 High

[5 rows x 9 columns]
[2026-03-08T10:07:48.628+0000] {python.py:237} INFO - Done. Returned value was: None
[2026-03-08T10:07:48.629+0000] {taskinstance.py:441} INFO - ::group::Post task execution logs
[2026-03-08T10:07:48.641+0000] {taskinstance.py:1205} INFO - Marking task as SUCCESS. dag_id=spotify_data_pipeline, task_id=transform_playlist_data, execution_date=20260308T100739, start_date=20260308T100748, end_date=20260308T100748
[2026-03-08T10:07:48.682+0000] {local_task_job_runner.py:240} INFO - Task exited with return code 0
[2026-03-08T10:07:48.712+0000] {taskinstance.py:3482} INFO - 0 downstream tasks scheduled from follow-on schedule check
[2026-03-08T10:07:48.716+0000] {local_task_job_runner.py:222} INFO - ::endgroup::
