[2026-03-08T10:07:43.910+0000] {local_task_job_runner.py:120} INFO - ::group::Pre task execution logs
[2026-03-08T10:07:43.962+0000] {taskinstance.py:2073} INFO - Dependencies all met for dep_context=non-requeueable deps ti=<TaskInstance: spotify_data_pipeline.fetch_playlist_data manual__2026-03-08T10:07:39.129673+00:00 [queued]>
[2026-03-08T10:07:43.978+0000] {taskinstance.py:2073} INFO - Dependencies all met for dep_context=requeueable deps ti=<TaskInstance: spotify_data_pipeline.fetch_playlist_data manual__2026-03-08T10:07:39.129673+00:00 [queued]>
[2026-03-08T10:07:43.979+0000] {taskinstance.py:2303} INFO - Starting attempt 1 of 1
[2026-03-08T10:07:44.006+0000] {taskinstance.py:2327} INFO - Executing <Task(PythonOperator): fetch_playlist_data> on 2026-03-08 10:07:39.129673+00:00
[2026-03-08T10:07:44.033+0000] {warnings.py:110} WARNING - /home/***/.local/lib/python3.12/site-packages/***/task/task_runner/standard_task_runner.py:61: DeprecationWarning: This process (pid=765) is multi-threaded, use of fork() may lead to deadlocks in the child.
  pid = os.fork()

[2026-03-08T10:07:44.034+0000] {standard_task_runner.py:90} INFO - Running: ['***', 'tasks', 'run', 'spotify_data_pipeline', 'fetch_playlist_data', 'manual__2026-03-08T10:07:39.129673+00:00', '--job-id', '8', '--raw', '--subdir', 'DAGS_FOLDER/spotify_pipeline.py', '--cfg-path', '/tmp/tmpuulwuf0k']
[2026-03-08T10:07:44.037+0000] {standard_task_runner.py:63} INFO - Started process 816 to run task
[2026-03-08T10:07:44.038+0000] {standard_task_runner.py:91} INFO - Job 8: Subtask fetch_playlist_data
[2026-03-08T10:07:44.156+0000] {task_command.py:426} INFO - Running <TaskInstance: spotify_data_pipeline.fetch_playlist_data manual__2026-03-08T10:07:39.129673+00:00 [running]> on host dee41b2d6021
[2026-03-08T10:07:44.409+0000] {taskinstance.py:2644} INFO - Exporting env vars: AIRFLOW_CTX_DAG_OWNER='arman' AIRFLOW_CTX_DAG_ID='spotify_data_pipeline' AIRFLOW_CTX_TASK_ID='fetch_playlist_data' AIRFLOW_CTX_EXECUTION_DATE='2026-03-08T10:07:39.129673+00:00' AIRFLOW_CTX_TRY_NUMBER='1' AIRFLOW_CTX_DAG_RUN_ID='manual__2026-03-08T10:07:39.129673+00:00'
[2026-03-08T10:07:44.415+0000] {taskinstance.py:430} INFO - ::endgroup::
[2026-03-08T10:07:44.790+0000] {logging_mixin.py:188} INFO - Row data successfully downloaded. DataFrame Head:
[2026-03-08T10:07:44.848+0000] {logging_mixin.py:188} INFO -         track_name   artist_name  ... duration_ms  release_date
0         Kesariya  Arijit Singh  ...      245000    2022-09-09
1        Tum Hi Ho  Arijit Singh  ...      262000    2013-04-26
2  Blinding Lights    The Weeknd  ...      200040    2020-03-20
3     Shape of You    Ed Sheeran  ...      233712    2017-01-06
4       Levitating      Dua Lipa  ...      203000    2020-03-27

[5 rows x 6 columns]
[2026-03-08T10:07:44.856+0000] {python.py:237} INFO - Done. Returned value was: None
[2026-03-08T10:07:44.870+0000] {taskinstance.py:441} INFO - ::group::Post task execution logs
[2026-03-08T10:07:44.898+0000] {taskinstance.py:1205} INFO - Marking task as SUCCESS. dag_id=spotify_data_pipeline, task_id=fetch_playlist_data, execution_date=20260308T100739, start_date=20260308T100743, end_date=20260308T100744
[2026-03-08T10:07:44.978+0000] {local_task_job_runner.py:240} INFO - Task exited with return code 0
[2026-03-08T10:07:45.035+0000] {taskinstance.py:3482} INFO - 1 downstream tasks scheduled from follow-on schedule check
[2026-03-08T10:07:45.041+0000] {local_task_job_runner.py:222} INFO - ::endgroup::
