[2026-03-08T10:07:43.544+0000] {local_task_job_runner.py:120} INFO - ::group::Pre task execution logs
[2026-03-08T10:07:43.595+0000] {taskinstance.py:2073} INFO - Dependencies all met for dep_context=non-requeueable deps ti=<TaskInstance: spotify_data_pipeline.fetch_playlist_data scheduled__2026-03-07T00:00:00+00:00 [queued]>
[2026-03-08T10:07:43.614+0000] {taskinstance.py:2073} INFO - Dependencies all met for dep_context=requeueable deps ti=<TaskInstance: spotify_data_pipeline.fetch_playlist_data scheduled__2026-03-07T00:00:00+00:00 [queued]>
[2026-03-08T10:07:43.615+0000] {taskinstance.py:2303} INFO - Starting attempt 1 of 1
[2026-03-08T10:07:43.642+0000] {taskinstance.py:2327} INFO - Executing <Task(PythonOperator): fetch_playlist_data> on 2026-03-07 00:00:00+00:00
[2026-03-08T10:07:43.653+0000] {warnings.py:110} WARNING - /home/***/.local/lib/python3.12/site-packages/***/task/task_runner/standard_task_runner.py:61: DeprecationWarning: This process (pid=720) is multi-threaded, use of fork() may lead to deadlocks in the child.
  pid = os.fork()

[2026-03-08T10:07:43.656+0000] {standard_task_runner.py:63} INFO - Started process 810 to run task
[2026-03-08T10:07:43.656+0000] {standard_task_runner.py:90} INFO - Running: ['***', 'tasks', 'run', 'spotify_data_pipeline', 'fetch_playlist_data', 'scheduled__2026-03-07T00:00:00+00:00', '--job-id', '7', '--raw', '--subdir', 'DAGS_FOLDER/spotify_pipeline.py', '--cfg-path', '/tmp/tmp1gpawhqb']
[2026-03-08T10:07:43.659+0000] {standard_task_runner.py:91} INFO - Job 7: Subtask fetch_playlist_data
[2026-03-08T10:07:43.777+0000] {task_command.py:426} INFO - Running <TaskInstance: spotify_data_pipeline.fetch_playlist_data scheduled__2026-03-07T00:00:00+00:00 [running]> on host dee41b2d6021
[2026-03-08T10:07:43.934+0000] {taskinstance.py:2644} INFO - Exporting env vars: AIRFLOW_CTX_DAG_OWNER='arman' AIRFLOW_CTX_DAG_ID='spotify_data_pipeline' AIRFLOW_CTX_TASK_ID='fetch_playlist_data' AIRFLOW_CTX_EXECUTION_DATE='2026-03-07T00:00:00+00:00' AIRFLOW_CTX_TRY_NUMBER='1' AIRFLOW_CTX_DAG_RUN_ID='scheduled__2026-03-07T00:00:00+00:00'
[2026-03-08T10:07:43.939+0000] {taskinstance.py:430} INFO - ::endgroup::
[2026-03-08T10:07:44.679+0000] {logging_mixin.py:188} INFO - Row data successfully downloaded. DataFrame Head:
[2026-03-08T10:07:44.775+0000] {logging_mixin.py:188} INFO -         track_name   artist_name  ... duration_ms  release_date
0         Kesariya  Arijit Singh  ...      245000    2022-09-09
1        Tum Hi Ho  Arijit Singh  ...      262000    2013-04-26
2  Blinding Lights    The Weeknd  ...      200040    2020-03-20
3     Shape of You    Ed Sheeran  ...      233712    2017-01-06
4       Levitating      Dua Lipa  ...      203000    2020-03-27

[5 rows x 6 columns]
[2026-03-08T10:07:44.797+0000] {python.py:237} INFO - Done. Returned value was: None
[2026-03-08T10:07:44.811+0000] {taskinstance.py:441} INFO - ::group::Post task execution logs
[2026-03-08T10:07:44.845+0000] {taskinstance.py:1205} INFO - Marking task as SUCCESS. dag_id=spotify_data_pipeline, task_id=fetch_playlist_data, execution_date=20260307T000000, start_date=20260308T100743, end_date=20260308T100744
[2026-03-08T10:07:44.918+0000] {local_task_job_runner.py:240} INFO - Task exited with return code 0
[2026-03-08T10:07:44.976+0000] {taskinstance.py:3482} INFO - 1 downstream tasks scheduled from follow-on schedule check
[2026-03-08T10:07:44.980+0000] {local_task_job_runner.py:222} INFO - ::endgroup::
